<?xml version="1.0" encoding="UTF-8"?>
<!-- Generated by org.testng.reporters.JUnitReportReporter -->
<testsuite skipped="0" hostname="DESKTOP-UQS6Q4I" name="com.example.qa.ExtentReportExample" tests="6" failures="0" timestamp="28 Jun 2019 14:14:37 GMT" time="9.717" errors="0">
  <testcase name="bc_validateSearchbox3" time="1.553" classname="com.example.qa.ExtentReportExample"/>
  <testcase name="b_validateSearchbox1" time="1.384" classname="com.example.qa.ExtentReportExample"/>
  <testcase name="a_validateSearchbox4" time="1.883" classname="com.example.qa.ExtentReportExample"/>
  <testcase name="b_validateSearchbox6" time="1.426" classname="com.example.qa.ExtentReportExample"/>
  <testcase name="ab_validateSearchbox5" time="1.475" classname="com.example.qa.ExtentReportExample"/>
  <testcase name="c_validateSearchbox2" time="1.996" classname="com.example.qa.ExtentReportExample"/>
</testsuite> <!-- com.example.qa.ExtentReportExample -->
