<?xml version="1.0" encoding="UTF-8"?>
<!-- Generated by org.testng.reporters.JUnitReportReporter -->
<testsuite skipped="0" hostname="DESKTOP-UQS6Q4I" name="com.example.qa.Log4jExample" tests="1" failures="0" timestamp="26 Jun 2019 12:08:08 GMT" time="2.454" errors="1">
  <testcase name="Browser" time="2.454" classname="com.example.qa.Log4jExample">
    <error type="java.lang.NoSuchMethodError" message="org.apache.commons.io.FileUtils.copyInputStreamToFile(Ljava/io/InputStream;Ljava/io/File;)V">
      <![CDATA[java.lang.NoSuchMethodError: org.apache.commons.io.FileUtils.copyInputStreamToFile(Ljava/io/InputStream;Ljava/io/File;)V
at io.github.bonigarcia.wdm.Downloader.downloadAndExtract(Downloader.java:135)
at io.github.bonigarcia.wdm.Downloader.download(Downloader.java:81)
at io.github.bonigarcia.wdm.WebDriverManager.downloadCandidateUrls(WebDriverManager.java:731)
at io.github.bonigarcia.wdm.WebDriverManager.manage(WebDriverManager.java:544)
at io.github.bonigarcia.wdm.WebDriverManager.setup(WebDriverManager.java:260)
at com.example.qa.Log4jExample.Browser(Log4jExample.java:18)
at sun.reflect.NativeMethodAccessorImpl.invoke0(Native Method)
at sun.reflect.NativeMethodAccessorImpl.invoke(Unknown Source)
at sun.reflect.DelegatingMethodAccessorImpl.invoke(Unknown Source)
at java.lang.reflect.Method.invoke(Unknown Source)
at org.testng.internal.MethodInvocationHelper.invokeMethod(MethodInvocationHelper.java:124)
at org.testng.internal.Invoker.invokeMethod(Invoker.java:580)
at org.testng.internal.Invoker.invokeTestMethod(Invoker.java:716)
at org.testng.internal.Invoker.invokeTestMethods(Invoker.java:988)
at org.testng.internal.TestMethodWorker.invokeTestMethods(TestMethodWorker.java:125)
at org.testng.internal.TestMethodWorker.run(TestMethodWorker.java:109)
at org.testng.TestRunner.privateRun(TestRunner.java:648)
at org.testng.TestRunner.run(TestRunner.java:505)
at org.testng.SuiteRunner.runTest(SuiteRunner.java:455)
at org.testng.SuiteRunner.runSequentially(SuiteRunner.java:450)
at org.testng.SuiteRunner.privateRun(SuiteRunner.java:415)
at org.testng.SuiteRunner.run(SuiteRunner.java:364)
at org.testng.SuiteRunnerWorker.runSuite(SuiteRunnerWorker.java:52)
at org.testng.SuiteRunnerWorker.run(SuiteRunnerWorker.java:84)
at org.testng.TestNG.runSuitesSequentially(TestNG.java:1208)
at org.testng.TestNG.runSuitesLocally(TestNG.java:1137)
at org.testng.TestNG.runSuites(TestNG.java:1049)
at org.testng.TestNG.run(TestNG.java:1017)
at org.testng.remote.AbstractRemoteTestNG.run(AbstractRemoteTestNG.java:114)
at org.testng.remote.RemoteTestNG.initAndRun(RemoteTestNG.java:251)
at org.testng.remote.RemoteTestNG.main(RemoteTestNG.java:77)
]]>
    </error>
  </testcase> <!-- Browser -->
</testsuite> <!-- com.example.qa.Log4jExample -->
