<?xml version="1.0" encoding="UTF-8"?>
<!-- Generated by org.testng.reporters.JUnitReportReporter -->
<testsuite skipped="0" hostname="DESKTOP-UQS6Q4I" name="com.example.qa.WebdriverManagerExample" tests="1" failures="0" timestamp="28 Jun 2019 14:38:42 GMT" time="21.774" errors="0">
  <testcase name="validateSearchbox7" time="21.774" classname="com.example.qa.WebdriverManagerExample"/>
</testsuite> <!-- com.example.qa.WebdriverManagerExample -->
