<?xml version="1.0" encoding="UTF-8"?>
<!-- Generated by org.testng.reporters.JUnitReportReporter -->
<testsuite skipped="0" hostname="DESKTOP-UQS6Q4I" name="com.example.qa.Log4jExample" tests="1" failures="0" timestamp="25 Jul 2019 14:36:57 GMT" time="9.542" errors="0">
  <testcase name="openBrowser" time="9.542" classname="com.example.qa.Log4jExample"/>
</testsuite> <!-- com.example.qa.Log4jExample -->
